bin\Debug\FreeGLUT.pdb
C:\USERS\DRAGONERDRIFTR\DOCUMENTS\PETPROJECT\OTHERLIBS\BUILD\VS2010\BIN\DEBUG\FREEGLUT.LIB
C:\USERS\DRAGONERDRIFTR\DOCUMENTS\PETPROJECT\OTHERLIBS\BUILD\VS2010\BIN\DEBUG\FREEGLUT.PDB
C:\Users\dragonerdriftr\Documents\PetProject\OtherLibs\Build\vs2010\obj\x32\Debug\FreeGLUT\cl.command.1.tlog
C:\Users\dragonerdriftr\Documents\PetProject\OtherLibs\Build\vs2010\obj\x32\Debug\FreeGLUT\CL.read.1.tlog
C:\Users\dragonerdriftr\Documents\PetProject\OtherLibs\Build\vs2010\obj\x32\Debug\FreeGLUT\CL.write.1.tlog
C:\USERS\DRAGONERDRIFTR\DOCUMENTS\PETPROJECT\OTHERLIBS\BUILD\VS2010\OBJ\X32\DEBUG\FREEGLUT\FREEGLUT_CALLBACKS.OBJ
C:\USERS\DRAGONERDRIFTR\DOCUMENTS\PETPROJECT\OTHERLIBS\BUILD\VS2010\OBJ\X32\DEBUG\FREEGLUT\FREEGLUT_CURSOR.OBJ
C:\USERS\DRAGONERDRIFTR\DOCUMENTS\PETPROJECT\OTHERLIBS\BUILD\VS2010\OBJ\X32\DEBUG\FREEGLUT\FREEGLUT_DISPLAY.OBJ
C:\USERS\DRAGONERDRIFTR\DOCUMENTS\PETPROJECT\OTHERLIBS\BUILD\VS2010\OBJ\X32\DEBUG\FREEGLUT\FREEGLUT_EXT.OBJ
C:\USERS\DRAGONERDRIFTR\DOCUMENTS\PETPROJECT\OTHERLIBS\BUILD\VS2010\OBJ\X32\DEBUG\FREEGLUT\FREEGLUT_FONT.OBJ
C:\USERS\DRAGONERDRIFTR\DOCUMENTS\PETPROJECT\OTHERLIBS\BUILD\VS2010\OBJ\X32\DEBUG\FREEGLUT\FREEGLUT_FONT_DATA.OBJ
C:\USERS\DRAGONERDRIFTR\DOCUMENTS\PETPROJECT\OTHERLIBS\BUILD\VS2010\OBJ\X32\DEBUG\FREEGLUT\FREEGLUT_GAMEMODE.OBJ
C:\USERS\DRAGONERDRIFTR\DOCUMENTS\PETPROJECT\OTHERLIBS\BUILD\VS2010\OBJ\X32\DEBUG\FREEGLUT\FREEGLUT_GEOMETRY.OBJ
C:\USERS\DRAGONERDRIFTR\DOCUMENTS\PETPROJECT\OTHERLIBS\BUILD\VS2010\OBJ\X32\DEBUG\FREEGLUT\FREEGLUT_GLUTFONT_DEFINITIONS.OBJ
C:\USERS\DRAGONERDRIFTR\DOCUMENTS\PETPROJECT\OTHERLIBS\BUILD\VS2010\OBJ\X32\DEBUG\FREEGLUT\FREEGLUT_INIT.OBJ
C:\USERS\DRAGONERDRIFTR\DOCUMENTS\PETPROJECT\OTHERLIBS\BUILD\VS2010\OBJ\X32\DEBUG\FREEGLUT\FREEGLUT_INPUT_DEVICES.OBJ
C:\USERS\DRAGONERDRIFTR\DOCUMENTS\PETPROJECT\OTHERLIBS\BUILD\VS2010\OBJ\X32\DEBUG\FREEGLUT\FREEGLUT_JOYSTICK.OBJ
C:\USERS\DRAGONERDRIFTR\DOCUMENTS\PETPROJECT\OTHERLIBS\BUILD\VS2010\OBJ\X32\DEBUG\FREEGLUT\FREEGLUT_MAIN.OBJ
C:\USERS\DRAGONERDRIFTR\DOCUMENTS\PETPROJECT\OTHERLIBS\BUILD\VS2010\OBJ\X32\DEBUG\FREEGLUT\FREEGLUT_MENU.OBJ
C:\USERS\DRAGONERDRIFTR\DOCUMENTS\PETPROJECT\OTHERLIBS\BUILD\VS2010\OBJ\X32\DEBUG\FREEGLUT\FREEGLUT_MISC.OBJ
C:\USERS\DRAGONERDRIFTR\DOCUMENTS\PETPROJECT\OTHERLIBS\BUILD\VS2010\OBJ\X32\DEBUG\FREEGLUT\FREEGLUT_OVERLAY.OBJ
C:\USERS\DRAGONERDRIFTR\DOCUMENTS\PETPROJECT\OTHERLIBS\BUILD\VS2010\OBJ\X32\DEBUG\FREEGLUT\FREEGLUT_SPACEBALL.OBJ
C:\USERS\DRAGONERDRIFTR\DOCUMENTS\PETPROJECT\OTHERLIBS\BUILD\VS2010\OBJ\X32\DEBUG\FREEGLUT\FREEGLUT_STATE.OBJ
C:\USERS\DRAGONERDRIFTR\DOCUMENTS\PETPROJECT\OTHERLIBS\BUILD\VS2010\OBJ\X32\DEBUG\FREEGLUT\FREEGLUT_STROKE_MONO_ROMAN.OBJ
C:\USERS\DRAGONERDRIFTR\DOCUMENTS\PETPROJECT\OTHERLIBS\BUILD\VS2010\OBJ\X32\DEBUG\FREEGLUT\FREEGLUT_STROKE_ROMAN.OBJ
C:\USERS\DRAGONERDRIFTR\DOCUMENTS\PETPROJECT\OTHERLIBS\BUILD\VS2010\OBJ\X32\DEBUG\FREEGLUT\FREEGLUT_STRUCTURE.OBJ
C:\USERS\DRAGONERDRIFTR\DOCUMENTS\PETPROJECT\OTHERLIBS\BUILD\VS2010\OBJ\X32\DEBUG\FREEGLUT\FREEGLUT_TEAPOT.OBJ
C:\USERS\DRAGONERDRIFTR\DOCUMENTS\PETPROJECT\OTHERLIBS\BUILD\VS2010\OBJ\X32\DEBUG\FREEGLUT\FREEGLUT_VIDEORESIZE.OBJ
C:\USERS\DRAGONERDRIFTR\DOCUMENTS\PETPROJECT\OTHERLIBS\BUILD\VS2010\OBJ\X32\DEBUG\FREEGLUT\FREEGLUT_WINDOW.OBJ
C:\Users\dragonerdriftr\Documents\PetProject\OtherLibs\Build\vs2010\obj\x32\Debug\FreeGLUT\lib.command.1.tlog
C:\Users\dragonerdriftr\Documents\PetProject\OtherLibs\Build\vs2010\obj\x32\Debug\FreeGLUT\Lib-link.read.1.tlog
C:\Users\dragonerdriftr\Documents\PetProject\OtherLibs\Build\vs2010\obj\x32\Debug\FreeGLUT\Lib-link.write.1.tlog
