Build started 10/16/2011 5:39:05 PM.
     1>Project "C:\Users\dragonerdriftr\Documents\PetProject\Main\Pet1.vcxproj" on node 2 (build target(s)).
     1>InitializeBuildStatus:
         Creating "Debug\Pet1.unsuccessfulbuild" because "AlwaysCreate" was specified.
       ClCompile:
         C:\Program Files (x86)\Microsoft Visual Studio 10.0\VC\bin\CL.exe /c /Zi /nologo /W3 /WX- /Od /Oy- /D WIN32 /D _DEBUG /D _WINDOWS /Gm /EHsc /RTC1 /MDd /GS /fp:precise /Zc:wchar_t /Zc:forScope /Fo"Debug\\" /Fd"Debug\vc100.pdb" /Gd /TP /analyze- /errorReport:prompt Log.cpp main.cpp Square.cpp Timer.cpp Utilities.cpp Video.cpp
         Video.cpp
         Utilities.cpp
         Timer.cpp
         Square.cpp
     1>Square.cpp(56): warning C4244: 'argument' : conversion from 'int' to 'GLfloat', possible loss of data
     1>Square.cpp(56): warning C4244: 'argument' : conversion from 'int' to 'GLfloat', possible loss of data
         main.cpp
         Log.cpp
         Generating Code...
       ManifestResourceCompile:
         C:\Program Files (x86)\Microsoft SDKs\Windows\v7.0A\bin\rc.exe /nologo /fo"Debug\Pet1.exe.embed.manifest.res" Debug\Pet1_manifest.rc 
       Link:
         C:\Program Files (x86)\Microsoft Visual Studio 10.0\VC\bin\link.exe /ERRORREPORT:PROMPT /OUT:"C:\Users\dragonerdriftr\Documents\PetProject\Debug\Pet1.exe" /INCREMENTAL /NOLOGO kernel32.lib user32.lib gdi32.lib winspool.lib comdlg32.lib advapi32.lib shell32.lib ole32.lib oleaut32.lib uuid.lib odbc32.lib odbccp32.lib opengl32.lib SDL.lib SDLmain.lib kernel32.lib user32.lib gdi32.lib winspool.lib comdlg32.lib advapi32.lib shell32.lib ole32.lib oleaut32.lib uuid.lib odbc32.lib odbccp32.lib /MANIFEST /ManifestFile:"Debug\Pet1.exe.intermediate.manifest" /MANIFESTUAC:"level='asInvoker' uiAccess='false'" /DEBUG /PDB:"C:\Users\dragonerdriftr\Documents\PetProject\Debug\Pet1.pdb" /SUBSYSTEM:CONSOLE /TLBID:1 /DYNAMICBASE /NXCOMPAT /IMPLIB:"C:\Users\dragonerdriftr\Documents\PetProject\Debug\Pet1.lib" /MACHINE:X86 Debug\Pet1.exe.embed.manifest.res
         Debug\Log.obj
         Debug\main.obj
         Debug\Square.obj
         Debug\Timer.obj
         Debug\Utilities.obj
         Debug\Video.obj
       Manifest:
         C:\Program Files (x86)\Microsoft SDKs\Windows\v7.0A\bin\mt.exe /nologo /verbose /out:"Debug\Pet1.exe.embed.manifest" /manifest Debug\Pet1.exe.intermediate.manifest
         C:\Program Files (x86)\Microsoft SDKs\Windows\v7.0A\bin\rc.exe /nologo /fo"Debug\Pet1.exe.embed.manifest.res" Debug\Pet1_manifest.rc 
       LinkEmbedManifest:
         C:\Program Files (x86)\Microsoft Visual Studio 10.0\VC\bin\link.exe /ERRORREPORT:PROMPT /OUT:"C:\Users\dragonerdriftr\Documents\PetProject\Debug\Pet1.exe" /INCREMENTAL /NOLOGO kernel32.lib user32.lib gdi32.lib winspool.lib comdlg32.lib advapi32.lib shell32.lib ole32.lib oleaut32.lib uuid.lib odbc32.lib odbccp32.lib opengl32.lib SDL.lib SDLmain.lib kernel32.lib user32.lib gdi32.lib winspool.lib comdlg32.lib advapi32.lib shell32.lib ole32.lib oleaut32.lib uuid.lib odbc32.lib odbccp32.lib /MANIFEST /ManifestFile:"Debug\Pet1.exe.intermediate.manifest" /MANIFESTUAC:"level='asInvoker' uiAccess='false'" /DEBUG /PDB:"C:\Users\dragonerdriftr\Documents\PetProject\Debug\Pet1.pdb" /SUBSYSTEM:CONSOLE /TLBID:1 /DYNAMICBASE /NXCOMPAT /IMPLIB:"C:\Users\dragonerdriftr\Documents\PetProject\Debug\Pet1.lib" /MACHINE:X86 Debug\Pet1.exe.embed.manifest.res
         Debug\Log.obj
         Debug\main.obj
         Debug\Square.obj
         Debug\Timer.obj
         Debug\Utilities.obj
         Debug\Video.obj
         Pet1.vcxproj -> C:\Users\dragonerdriftr\Documents\PetProject\Debug\Pet1.exe
       FinalizeBuildStatus:
         Deleting file "Debug\Pet1.unsuccessfulbuild".
         Touching "Debug\Pet1.lastbuildstate".
     1>Done Building Project "C:\Users\dragonerdriftr\Documents\PetProject\Main\Pet1.vcxproj" (build target(s)).

Build succeeded.

Time Elapsed 00:00:13.36
