bin\Debug\GLUI.pdb
C:\USERS\DRAGONERDRIFTR\DOCUMENTS\PETPROJECT\OTHERLIBS\BUILD\VS2010\BIN\DEBUG\GLUI.LIB
C:\USERS\DRAGONERDRIFTR\DOCUMENTS\PETPROJECT\OTHERLIBS\BUILD\VS2010\BIN\DEBUG\GLUI.PDB
C:\USERS\DRAGONERDRIFTR\DOCUMENTS\PETPROJECT\OTHERLIBS\BUILD\VS2010\OBJ\X32\DEBUG\GLUI\ALGEBRA3.OBJ
C:\USERS\DRAGONERDRIFTR\DOCUMENTS\PETPROJECT\OTHERLIBS\BUILD\VS2010\OBJ\X32\DEBUG\GLUI\ARCBALL.OBJ
C:\Users\dragonerdriftr\Documents\PetProject\OtherLibs\Build\vs2010\obj\x32\Debug\GLUI\cl.command.1.tlog
C:\Users\dragonerdriftr\Documents\PetProject\OtherLibs\Build\vs2010\obj\x32\Debug\GLUI\CL.read.1.tlog
C:\Users\dragonerdriftr\Documents\PetProject\OtherLibs\Build\vs2010\obj\x32\Debug\GLUI\CL.write.1.tlog
C:\USERS\DRAGONERDRIFTR\DOCUMENTS\PETPROJECT\OTHERLIBS\BUILD\VS2010\OBJ\X32\DEBUG\GLUI\GLUI.OBJ
C:\USERS\DRAGONERDRIFTR\DOCUMENTS\PETPROJECT\OTHERLIBS\BUILD\VS2010\OBJ\X32\DEBUG\GLUI\GLUI_ADD_CONTROLS.OBJ
C:\USERS\DRAGONERDRIFTR\DOCUMENTS\PETPROJECT\OTHERLIBS\BUILD\VS2010\OBJ\X32\DEBUG\GLUI\GLUI_BITMAP_IMG_DATA.OBJ
C:\USERS\DRAGONERDRIFTR\DOCUMENTS\PETPROJECT\OTHERLIBS\BUILD\VS2010\OBJ\X32\DEBUG\GLUI\GLUI_BITMAPS.OBJ
C:\USERS\DRAGONERDRIFTR\DOCUMENTS\PETPROJECT\OTHERLIBS\BUILD\VS2010\OBJ\X32\DEBUG\GLUI\GLUI_BUTTON.OBJ
C:\USERS\DRAGONERDRIFTR\DOCUMENTS\PETPROJECT\OTHERLIBS\BUILD\VS2010\OBJ\X32\DEBUG\GLUI\GLUI_CHECKBOX.OBJ
C:\USERS\DRAGONERDRIFTR\DOCUMENTS\PETPROJECT\OTHERLIBS\BUILD\VS2010\OBJ\X32\DEBUG\GLUI\GLUI_COLUMN.OBJ
C:\USERS\DRAGONERDRIFTR\DOCUMENTS\PETPROJECT\OTHERLIBS\BUILD\VS2010\OBJ\X32\DEBUG\GLUI\GLUI_COMMANDLINE.OBJ
C:\USERS\DRAGONERDRIFTR\DOCUMENTS\PETPROJECT\OTHERLIBS\BUILD\VS2010\OBJ\X32\DEBUG\GLUI\GLUI_CONTROL.OBJ
C:\USERS\DRAGONERDRIFTR\DOCUMENTS\PETPROJECT\OTHERLIBS\BUILD\VS2010\OBJ\X32\DEBUG\GLUI\GLUI_EDITTEXT.OBJ
C:\USERS\DRAGONERDRIFTR\DOCUMENTS\PETPROJECT\OTHERLIBS\BUILD\VS2010\OBJ\X32\DEBUG\GLUI\GLUI_FILEBROWSER.OBJ
C:\USERS\DRAGONERDRIFTR\DOCUMENTS\PETPROJECT\OTHERLIBS\BUILD\VS2010\OBJ\X32\DEBUG\GLUI\GLUI_LIST.OBJ
C:\USERS\DRAGONERDRIFTR\DOCUMENTS\PETPROJECT\OTHERLIBS\BUILD\VS2010\OBJ\X32\DEBUG\GLUI\GLUI_LISTBOX.OBJ
C:\USERS\DRAGONERDRIFTR\DOCUMENTS\PETPROJECT\OTHERLIBS\BUILD\VS2010\OBJ\X32\DEBUG\GLUI\GLUI_MOUSE_IACTION.OBJ
C:\USERS\DRAGONERDRIFTR\DOCUMENTS\PETPROJECT\OTHERLIBS\BUILD\VS2010\OBJ\X32\DEBUG\GLUI\GLUI_NODE.OBJ
C:\USERS\DRAGONERDRIFTR\DOCUMENTS\PETPROJECT\OTHERLIBS\BUILD\VS2010\OBJ\X32\DEBUG\GLUI\GLUI_PANEL.OBJ
C:\USERS\DRAGONERDRIFTR\DOCUMENTS\PETPROJECT\OTHERLIBS\BUILD\VS2010\OBJ\X32\DEBUG\GLUI\GLUI_RADIO.OBJ
C:\USERS\DRAGONERDRIFTR\DOCUMENTS\PETPROJECT\OTHERLIBS\BUILD\VS2010\OBJ\X32\DEBUG\GLUI\GLUI_ROLLOUT.OBJ
C:\USERS\DRAGONERDRIFTR\DOCUMENTS\PETPROJECT\OTHERLIBS\BUILD\VS2010\OBJ\X32\DEBUG\GLUI\GLUI_ROTATION.OBJ
C:\USERS\DRAGONERDRIFTR\DOCUMENTS\PETPROJECT\OTHERLIBS\BUILD\VS2010\OBJ\X32\DEBUG\GLUI\GLUI_SCROLLBAR.OBJ
C:\USERS\DRAGONERDRIFTR\DOCUMENTS\PETPROJECT\OTHERLIBS\BUILD\VS2010\OBJ\X32\DEBUG\GLUI\GLUI_SEPARATOR.OBJ
C:\USERS\DRAGONERDRIFTR\DOCUMENTS\PETPROJECT\OTHERLIBS\BUILD\VS2010\OBJ\X32\DEBUG\GLUI\GLUI_SPINNER.OBJ
C:\USERS\DRAGONERDRIFTR\DOCUMENTS\PETPROJECT\OTHERLIBS\BUILD\VS2010\OBJ\X32\DEBUG\GLUI\GLUI_STATICTEXT.OBJ
C:\USERS\DRAGONERDRIFTR\DOCUMENTS\PETPROJECT\OTHERLIBS\BUILD\VS2010\OBJ\X32\DEBUG\GLUI\GLUI_STRING.OBJ
C:\USERS\DRAGONERDRIFTR\DOCUMENTS\PETPROJECT\OTHERLIBS\BUILD\VS2010\OBJ\X32\DEBUG\GLUI\GLUI_TEXTBOX.OBJ
C:\USERS\DRAGONERDRIFTR\DOCUMENTS\PETPROJECT\OTHERLIBS\BUILD\VS2010\OBJ\X32\DEBUG\GLUI\GLUI_TRANSLATION.OBJ
C:\USERS\DRAGONERDRIFTR\DOCUMENTS\PETPROJECT\OTHERLIBS\BUILD\VS2010\OBJ\X32\DEBUG\GLUI\GLUI_TREE.OBJ
C:\USERS\DRAGONERDRIFTR\DOCUMENTS\PETPROJECT\OTHERLIBS\BUILD\VS2010\OBJ\X32\DEBUG\GLUI\GLUI_TREEPANEL.OBJ
C:\USERS\DRAGONERDRIFTR\DOCUMENTS\PETPROJECT\OTHERLIBS\BUILD\VS2010\OBJ\X32\DEBUG\GLUI\GLUI_WINDOW.OBJ
C:\Users\dragonerdriftr\Documents\PetProject\OtherLibs\Build\vs2010\obj\x32\Debug\GLUI\lib.command.1.tlog
C:\Users\dragonerdriftr\Documents\PetProject\OtherLibs\Build\vs2010\obj\x32\Debug\GLUI\Lib-link.read.1.tlog
C:\Users\dragonerdriftr\Documents\PetProject\OtherLibs\Build\vs2010\obj\x32\Debug\GLUI\Lib-link.write.1.tlog
C:\USERS\DRAGONERDRIFTR\DOCUMENTS\PETPROJECT\OTHERLIBS\BUILD\VS2010\OBJ\X32\DEBUG\GLUI\QUATERNION.OBJ
