Build started 3/19/2012 8:37:05 PM.
     1>Project "C:\Users\dragonerdriftr\Documents\PetProject\PlatformAbstractionLibrary\PlatformAbstractionLibrary.vcxproj" on node 2 (rebuild target(s)).
     1>_PrepareForClean:
         Deleting file "Debug\PlatformAbstractionLibrary.lastbuildstate".
       InitializeBuildStatus:
         Creating "Debug\PlatformAbstractionLibrary.unsuccessfulbuild" because "AlwaysCreate" was specified.
       ClCompile:
         c:\Program Files (x86)\Microsoft Visual Studio 10.0\VC\bin\CL.exe /c /ZI /nologo /W3 /WX- /Od /Oy- /D _MBCS /Gm /EHsc /RTC1 /MDd /GS /fp:precise /Zc:wchar_t /Zc:forScope /Fo"Debug\\" /Fd"Debug\vc100.pdb" /Gd /TP /analyze- /errorReport:prompt Log.cpp Timer.cpp Utilities.cpp
         Utilities.cpp
         Timer.cpp
         Log.cpp
         Generating Code...
       Lib:
         c:\Program Files (x86)\Microsoft Visual Studio 10.0\VC\bin\Lib.exe /OUT:"C:\Users\dragonerdriftr\Documents\PetProject\Debug\PlatformAbstractionLibrary.lib" /NOLOGO Debug\Log.obj
         Debug\Timer.obj
         Debug\Utilities.obj
         PlatformAbstractionLibrary.vcxproj -> C:\Users\dragonerdriftr\Documents\PetProject\Debug\PlatformAbstractionLibrary.lib
       FinalizeBuildStatus:
         Deleting file "Debug\PlatformAbstractionLibrary.unsuccessfulbuild".
         Touching "Debug\PlatformAbstractionLibrary.lastbuildstate".
     1>Done Building Project "C:\Users\dragonerdriftr\Documents\PetProject\PlatformAbstractionLibrary\PlatformAbstractionLibrary.vcxproj" (rebuild target(s)).

Build succeeded.

Time Elapsed 00:00:08.51
